
*** Running vivado
    with args -log keyboard_UART_interface.vds -m64 -product Vivado -mode batch -messageDb vivado.pb -notrace -source keyboard_UART_interface.tcl



****** Vivado v2022.2 (64-bit)
  **** SW Build 3671981 on Fri Oct 14 05:00:03 MDT 2022
  **** IP Build 3669848 on Fri Oct 14 08:30:02 MDT 2022
    ** Copyright 1986-2022 Xilinx, Inc. All Rights Reserved.

source keyboard_UART_interface.tcl -notrace
create_project: Time (s): cpu = 00:00:05 ; elapsed = 00:00:12 . Memory (MB): peak = 445.762 ; gain = 106.145
Command: read_checkpoint -auto_incremental -incremental C:/Users/ahmet/Desktop/PS2_Keyboard_UART/PS2_Keyboard_UART.srcs/utils_1/imports/synth_1/keyboard_UART_interface.dcp
INFO: [Vivado 12-5825] Read reference checkpoint from C:/Users/ahmet/Desktop/PS2_Keyboard_UART/PS2_Keyboard_UART.srcs/utils_1/imports/synth_1/keyboard_UART_interface.dcp for incremental synthesis
INFO: [Vivado 12-7989] Please ensure there are no constraint changes
Command: synth_design -top keyboard_UART_interface -part xc7a35tcpg236-1
Starting synth_design
Attempting to get a license for feature 'Synthesis' and/or device 'xc7a35t'
INFO: [Common 17-349] Got license for feature 'Synthesis' and/or device 'xc7a35t'
INFO: [Device 21-403] Loading part xc7a35tcpg236-1
INFO: [Designutils 20-5440] No compile time benefit to using incremental synthesis; A full resynthesis will be run
INFO: [Designutils 20-4379] Flow is switching to default flow due to incremental criteria not met. If you would like to alter this behaviour and have the flow terminate instead, please set the following parameter config_implementation {autoIncr.Synth.RejectBehavior Terminate}
INFO: [Synth 8-7079] Multithreading enabled for synth_design using a maximum of 2 processes.
INFO: [Synth 8-7078] Launching helper process for spawning children vivado processes
INFO: [Synth 8-7075] Helper process launched with PID 10428
INFO: [Synth 8-11241] undeclared symbol 'REGCCE', assumed default net type 'wire' [C:/Xilinx/Vivado/2022.2/data/verilog/src/unimacro/BRAM_SINGLE_MACRO.v:2170]
---------------------------------------------------------------------------------
Starting RTL Elaboration : Time (s): cpu = 00:00:05 ; elapsed = 00:00:11 . Memory (MB): peak = 1253.609 ; gain = 409.129
---------------------------------------------------------------------------------
INFO: [Synth 8-638] synthesizing module 'keyboard_UART_interface' [C:/Users/ahmet/Desktop/PS2_Keyboard_UART/PS2_Keyboard_UART.srcs/sources_1/new/keyboard_Uart_interface.vhd:14]
INFO: [Synth 8-638] synthesizing module 'kb_code' [C:/Users/ahmet/Desktop/PS2_Keyboard_UART/PS2_Keyboard_UART.srcs/sources_1/new/kb_code_unit.vhd:15]
INFO: [Synth 8-638] synthesizing module 'ps2_rx' [C:/Users/ahmet/Desktop/PS2_Keyboard_UART/PS2_Keyboard_UART.srcs/sources_1/new/ps2_rx_unit.vhd:15]
INFO: [Synth 8-256] done synthesizing module 'ps2_rx' (0#1) [C:/Users/ahmet/Desktop/PS2_Keyboard_UART/PS2_Keyboard_UART.srcs/sources_1/new/ps2_rx_unit.vhd:15]
INFO: [Synth 8-638] synthesizing module 'fifo' [C:/Users/ahmet/Desktop/PS2_Keyboard_UART/PS2_Keyboard_UART.srcs/sources_1/new/fifo.vhd:18]
	Parameter B bound to: 8 - type: integer 
	Parameter W bound to: 2 - type: integer 
INFO: [Synth 8-256] done synthesizing module 'fifo' (0#1) [C:/Users/ahmet/Desktop/PS2_Keyboard_UART/PS2_Keyboard_UART.srcs/sources_1/new/fifo.vhd:18]
INFO: [Synth 8-256] done synthesizing module 'kb_code' (0#1) [C:/Users/ahmet/Desktop/PS2_Keyboard_UART/PS2_Keyboard_UART.srcs/sources_1/new/kb_code_unit.vhd:15]
INFO: [Synth 8-638] synthesizing module 'uart' [C:/Users/ahmet/Desktop/PS2_Keyboard_UART/PS2_Keyboard_UART.srcs/sources_1/new/uart.vhd:26]
INFO: [Synth 8-638] synthesizing module 'mod_m_counter' [C:/Users/ahmet/Desktop/PS2_Keyboard_UART/PS2_Keyboard_UART.srcs/sources_1/new/baud_gen_unit.vhd:18]
	Parameter M bound to: 163 - type: integer 
	Parameter N bound to: 8 - type: integer 
INFO: [Synth 8-256] done synthesizing module 'mod_m_counter' (0#1) [C:/Users/ahmet/Desktop/PS2_Keyboard_UART/PS2_Keyboard_UART.srcs/sources_1/new/baud_gen_unit.vhd:18]
INFO: [Synth 8-638] synthesizing module 'uart_rx' [C:/Users/ahmet/Desktop/PS2_Keyboard_UART/PS2_Keyboard_UART.srcs/sources_1/new/uart_rx.vhd:19]
	Parameter DBIT bound to: 8 - type: integer 
	Parameter SB_TICK bound to: 16 - type: integer 
INFO: [Synth 8-256] done synthesizing module 'uart_rx' (0#1) [C:/Users/ahmet/Desktop/PS2_Keyboard_UART/PS2_Keyboard_UART.srcs/sources_1/new/uart_rx.vhd:19]
INFO: [Synth 8-638] synthesizing module 'fifo_rx_unit' [C:/Users/ahmet/Desktop/PS2_Keyboard_UART/PS2_Keyboard_UART.srcs/sources_1/new/fifo_rx_unit.vhd:18]
	Parameter B bound to: 8 - type: integer 
	Parameter W bound to: 2 - type: integer 
INFO: [Synth 8-256] done synthesizing module 'fifo_rx_unit' (0#1) [C:/Users/ahmet/Desktop/PS2_Keyboard_UART/PS2_Keyboard_UART.srcs/sources_1/new/fifo_rx_unit.vhd:18]
INFO: [Synth 8-638] synthesizing module 'fifo_tx_unit' [C:/Users/ahmet/Desktop/PS2_Keyboard_UART/PS2_Keyboard_UART.srcs/sources_1/new/fifo_tx_unit.vhd:18]
	Parameter B bound to: 8 - type: integer 
	Parameter W bound to: 2 - type: integer 
INFO: [Synth 8-256] done synthesizing module 'fifo_tx_unit' (0#1) [C:/Users/ahmet/Desktop/PS2_Keyboard_UART/PS2_Keyboard_UART.srcs/sources_1/new/fifo_tx_unit.vhd:18]
INFO: [Synth 8-638] synthesizing module 'uart_tx' [C:/Users/ahmet/Desktop/PS2_Keyboard_UART/PS2_Keyboard_UART.srcs/sources_1/new/uart_tx_unit.vhd:20]
	Parameter DBIT bound to: 8 - type: integer 
	Parameter SB_TICK bound to: 16 - type: integer 
INFO: [Synth 8-256] done synthesizing module 'uart_tx' (0#1) [C:/Users/ahmet/Desktop/PS2_Keyboard_UART/PS2_Keyboard_UART.srcs/sources_1/new/uart_tx_unit.vhd:20]
INFO: [Synth 8-256] done synthesizing module 'uart' (0#1) [C:/Users/ahmet/Desktop/PS2_Keyboard_UART/PS2_Keyboard_UART.srcs/sources_1/new/uart.vhd:26]
INFO: [Synth 8-638] synthesizing module 'key2ascii' [C:/Users/ahmet/Desktop/PS2_Keyboard_UART/PS2_Keyboard_UART.srcs/sources_1/new/key2ascii.vhd:11]
INFO: [Synth 8-256] done synthesizing module 'key2ascii' (0#1) [C:/Users/ahmet/Desktop/PS2_Keyboard_UART/PS2_Keyboard_UART.srcs/sources_1/new/key2ascii.vhd:11]
INFO: [Synth 8-256] done synthesizing module 'keyboard_UART_interface' (0#1) [C:/Users/ahmet/Desktop/PS2_Keyboard_UART/PS2_Keyboard_UART.srcs/sources_1/new/keyboard_Uart_interface.vhd:14]
---------------------------------------------------------------------------------
Finished RTL Elaboration : Time (s): cpu = 00:00:07 ; elapsed = 00:00:14 . Memory (MB): peak = 1349.301 ; gain = 504.820
---------------------------------------------------------------------------------
---------------------------------------------------------------------------------
Start Handling Custom Attributes
---------------------------------------------------------------------------------
---------------------------------------------------------------------------------
Finished Handling Custom Attributes : Time (s): cpu = 00:00:07 ; elapsed = 00:00:15 . Memory (MB): peak = 1349.301 ; gain = 504.820
---------------------------------------------------------------------------------
---------------------------------------------------------------------------------
Finished RTL Optimization Phase 1 : Time (s): cpu = 00:00:07 ; elapsed = 00:00:15 . Memory (MB): peak = 1349.301 ; gain = 504.820
---------------------------------------------------------------------------------
Netlist sorting complete. Time (s): cpu = 00:00:00 ; elapsed = 00:00:00.006 . Memory (MB): peak = 1349.301 ; gain = 0.000
INFO: [Project 1-570] Preparing netlist for logic optimization

Processing XDC Constraints
Initializing timing engine
Parsing XDC File [C:/Users/ahmet/Desktop/PS2_Keyboard_UART/PS2_Keyboard_UART.srcs/constrs_1/new/BASYS3.xdc]
Finished Parsing XDC File [C:/Users/ahmet/Desktop/PS2_Keyboard_UART/PS2_Keyboard_UART.srcs/constrs_1/new/BASYS3.xdc]
INFO: [Project 1-236] Implementation specific constraints were found while reading constraint file [C:/Users/ahmet/Desktop/PS2_Keyboard_UART/PS2_Keyboard_UART.srcs/constrs_1/new/BASYS3.xdc]. These constraints will be ignored for synthesis but will be used in implementation. Impacted constraints are listed in the file [.Xil/keyboard_UART_interface_propImpl.xdc].
Resolution: To avoid this warning, move constraints listed in [.Xil/keyboard_UART_interface_propImpl.xdc] to another XDC file and exclude this new file from synthesis with the used_in_synthesis property (File Properties dialog in GUI) and re-run elaboration/synthesis.
Completed Processing XDC Constraints

Netlist sorting complete. Time (s): cpu = 00:00:00 ; elapsed = 00:00:00 . Memory (MB): peak = 1395.352 ; gain = 0.000
INFO: [Project 1-111] Unisim Transformation Summary:
No Unisim elements were transformed.

Constraint Validation Runtime : Time (s): cpu = 00:00:00 ; elapsed = 00:00:00.006 . Memory (MB): peak = 1395.352 ; gain = 0.000
INFO: [Designutils 20-5440] No compile time benefit to using incremental synthesis; A full resynthesis will be run
INFO: [Designutils 20-4379] Flow is switching to default flow due to incremental criteria not met. If you would like to alter this behaviour and have the flow terminate instead, please set the following parameter config_implementation {autoIncr.Synth.RejectBehavior Terminate}
INFO: [Synth 8-11241] undeclared symbol 'REGCCE', assumed default net type 'wire' [C:/Xilinx/Vivado/2022.2/data/verilog/src/unimacro/BRAM_SINGLE_MACRO.v:2170]
---------------------------------------------------------------------------------
Finished Constraint Validation : Time (s): cpu = 00:00:14 ; elapsed = 00:00:29 . Memory (MB): peak = 1395.352 ; gain = 550.871
---------------------------------------------------------------------------------
---------------------------------------------------------------------------------
Start Loading Part and Timing Information
---------------------------------------------------------------------------------
Loading part: xc7a35tcpg236-1
---------------------------------------------------------------------------------
Finished Loading Part and Timing Information : Time (s): cpu = 00:00:14 ; elapsed = 00:00:29 . Memory (MB): peak = 1395.352 ; gain = 550.871
---------------------------------------------------------------------------------
---------------------------------------------------------------------------------
Start Applying 'set_property' XDC Constraints
---------------------------------------------------------------------------------
---------------------------------------------------------------------------------
Finished applying 'set_property' XDC Constraints : Time (s): cpu = 00:00:14 ; elapsed = 00:00:29 . Memory (MB): peak = 1395.352 ; gain = 550.871
---------------------------------------------------------------------------------
INFO: [Synth 8-802] inferred FSM for state register 'state_reg_reg' in module 'ps2_rx'
INFO: [Synth 8-802] inferred FSM for state register 'state_reg_reg' in module 'uart_rx'
INFO: [Synth 8-802] inferred FSM for state register 'state_reg_reg' in module 'uart_tx'
---------------------------------------------------------------------------------------------------
                   State |                     New Encoding |                Previous Encoding 
---------------------------------------------------------------------------------------------------
                    idle |                              001 |                               00
                     dps |                              010 |                               01
                    load |                              100 |                               10
---------------------------------------------------------------------------------------------------
INFO: [Synth 8-3354] encoded FSM with state register 'state_reg_reg' using encoding 'one-hot' in module 'ps2_rx'
---------------------------------------------------------------------------------------------------
                   State |                     New Encoding |                Previous Encoding 
---------------------------------------------------------------------------------------------------
                    idle |                               00 |                               00
                   start |                               01 |                               01
                    data |                               10 |                               10
                    stop |                               11 |                               11
---------------------------------------------------------------------------------------------------
INFO: [Synth 8-3354] encoded FSM with state register 'state_reg_reg' using encoding 'sequential' in module 'uart_rx'
---------------------------------------------------------------------------------------------------
                   State |                     New Encoding |                Previous Encoding 
---------------------------------------------------------------------------------------------------
                    idle |                               00 |                               00
                   start |                               01 |                               01
                    data |                               10 |                               10
                    stop |                               11 |                               11
---------------------------------------------------------------------------------------------------
INFO: [Synth 8-3354] encoded FSM with state register 'state_reg_reg' using encoding 'sequential' in module 'uart_tx'
---------------------------------------------------------------------------------
Finished RTL Optimization Phase 2 : Time (s): cpu = 00:00:14 ; elapsed = 00:00:30 . Memory (MB): peak = 1395.352 ; gain = 550.871
---------------------------------------------------------------------------------
---------------------------------------------------------------------------------
Start RTL Component Statistics 
---------------------------------------------------------------------------------
Detailed RTL Component Info : 
+---Adders : 
	   2 Input    8 Bit       Adders := 1     
	   2 Input    4 Bit       Adders := 3     
	   2 Input    3 Bit       Adders := 2     
	   2 Input    2 Bit       Adders := 6     
+---Registers : 
	               11 Bit    Registers := 1     
	                8 Bit    Registers := 16    
	                4 Bit    Registers := 3     
	                3 Bit    Registers := 2     
	                2 Bit    Registers := 6     
	                1 Bit    Registers := 9     
+---Muxes : 
	   4 Input    8 Bit        Muxes := 4     
	   2 Input    8 Bit        Muxes := 1     
	   2 Input    7 Bit        Muxes := 1     
	   3 Input    4 Bit        Muxes := 1     
	   2 Input    4 Bit        Muxes := 3     
	   4 Input    4 Bit        Muxes := 2     
	   4 Input    3 Bit        Muxes := 1     
	   3 Input    2 Bit        Muxes := 1     
	   4 Input    2 Bit        Muxes := 2     
	   2 Input    2 Bit        Muxes := 2     
	   3 Input    1 Bit        Muxes := 4     
	   2 Input    1 Bit        Muxes := 31    
	   4 Input    1 Bit        Muxes := 29    
---------------------------------------------------------------------------------
Finished RTL Component Statistics 
---------------------------------------------------------------------------------
---------------------------------------------------------------------------------
Start Part Resource Summary
---------------------------------------------------------------------------------
Part Resources:
DSPs: 90 (col length:60)
BRAMs: 100 (col length: RAMB18 60 RAMB36 30)
---------------------------------------------------------------------------------
Finished Part Resource Summary
---------------------------------------------------------------------------------
---------------------------------------------------------------------------------
Start Cross Boundary and Area Optimization
---------------------------------------------------------------------------------
WARNING: [Synth 8-7080] Parallel synthesis criteria is not met
WARNING: [Synth 8-3332] Sequential element (uart_unit/uart_rx_unit/FSM_sequential_state_reg_reg[1]) is unused and will be removed from module keyboard_UART_interface.
WARNING: [Synth 8-3332] Sequential element (uart_unit/uart_rx_unit/FSM_sequential_state_reg_reg[0]) is unused and will be removed from module keyboard_UART_interface.
---------------------------------------------------------------------------------
Finished Cross Boundary and Area Optimization : Time (s): cpu = 00:00:17 ; elapsed = 00:00:36 . Memory (MB): peak = 1395.352 ; gain = 550.871
---------------------------------------------------------------------------------
---------------------------------------------------------------------------------
Start ROM, RAM, DSP, Shift Register and Retiming Reporting
---------------------------------------------------------------------------------

ROM: Preliminary Mapping Report
+------------------------+-----------------------+---------------+----------------+
|Module Name             | RTL Object            | Depth x Width | Implemented As | 
+------------------------+-----------------------+---------------+----------------+
|key2ascii               | ascii_code            | 128x7         | LUT            | 
|keyboard_UART_interface | key2a_unit/ascii_code | 128x7         | LUT            | 
+------------------------+-----------------------+---------------+----------------+

---------------------------------------------------------------------------------
Finished ROM, RAM, DSP, Shift Register and Retiming Reporting
---------------------------------------------------------------------------------
---------------------------------------------------------------------------------
Start Applying XDC Timing Constraints
---------------------------------------------------------------------------------
---------------------------------------------------------------------------------
Finished Applying XDC Timing Constraints : Time (s): cpu = 00:00:22 ; elapsed = 00:00:47 . Memory (MB): peak = 1395.352 ; gain = 550.871
---------------------------------------------------------------------------------
---------------------------------------------------------------------------------
Start Timing Optimization
---------------------------------------------------------------------------------
---------------------------------------------------------------------------------
Finished Timing Optimization : Time (s): cpu = 00:00:22 ; elapsed = 00:00:47 . Memory (MB): peak = 1395.352 ; gain = 550.871
---------------------------------------------------------------------------------
---------------------------------------------------------------------------------
Start Technology Mapping
---------------------------------------------------------------------------------
---------------------------------------------------------------------------------
Finished Technology Mapping : Time (s): cpu = 00:00:22 ; elapsed = 00:00:48 . Memory (MB): peak = 1395.352 ; gain = 550.871
---------------------------------------------------------------------------------
---------------------------------------------------------------------------------
Start IO Insertion
---------------------------------------------------------------------------------
---------------------------------------------------------------------------------
Start Flattening Before IO Insertion
---------------------------------------------------------------------------------
---------------------------------------------------------------------------------
Finished Flattening Before IO Insertion
---------------------------------------------------------------------------------
---------------------------------------------------------------------------------
Start Final Netlist Cleanup
---------------------------------------------------------------------------------
---------------------------------------------------------------------------------
Finished Final Netlist Cleanup
---------------------------------------------------------------------------------
---------------------------------------------------------------------------------
Finished IO Insertion : Time (s): cpu = 00:00:26 ; elapsed = 00:00:56 . Memory (MB): peak = 1395.352 ; gain = 550.871
---------------------------------------------------------------------------------
---------------------------------------------------------------------------------
Start Renaming Generated Instances
---------------------------------------------------------------------------------
---------------------------------------------------------------------------------
Finished Renaming Generated Instances : Time (s): cpu = 00:00:26 ; elapsed = 00:00:56 . Memory (MB): peak = 1395.352 ; gain = 550.871
---------------------------------------------------------------------------------
---------------------------------------------------------------------------------
Start Rebuilding User Hierarchy
---------------------------------------------------------------------------------
---------------------------------------------------------------------------------
Finished Rebuilding User Hierarchy : Time (s): cpu = 00:00:26 ; elapsed = 00:00:57 . Memory (MB): peak = 1395.352 ; gain = 550.871
---------------------------------------------------------------------------------
---------------------------------------------------------------------------------
Start Renaming Generated Ports
---------------------------------------------------------------------------------
---------------------------------------------------------------------------------
Finished Renaming Generated Ports : Time (s): cpu = 00:00:26 ; elapsed = 00:00:57 . Memory (MB): peak = 1395.352 ; gain = 550.871
---------------------------------------------------------------------------------
---------------------------------------------------------------------------------
Start Handling Custom Attributes
---------------------------------------------------------------------------------
---------------------------------------------------------------------------------
Finished Handling Custom Attributes : Time (s): cpu = 00:00:26 ; elapsed = 00:00:57 . Memory (MB): peak = 1395.352 ; gain = 550.871
---------------------------------------------------------------------------------
---------------------------------------------------------------------------------
Start Renaming Generated Nets
---------------------------------------------------------------------------------
---------------------------------------------------------------------------------
Finished Renaming Generated Nets : Time (s): cpu = 00:00:26 ; elapsed = 00:00:57 . Memory (MB): peak = 1395.352 ; gain = 550.871
---------------------------------------------------------------------------------
---------------------------------------------------------------------------------
Start Writing Synthesis Report
---------------------------------------------------------------------------------

Report BlackBoxes: 
+-+--------------+----------+
| |BlackBox name |Instances |
+-+--------------+----------+
+-+--------------+----------+

Report Cell Usage: 
+------+-----+------+
|      |Cell |Count |
+------+-----+------+
|1     |BUFG |     1|
|2     |LUT2 |     3|
|3     |LUT3 |    17|
|4     |LUT4 |    30|
|5     |LUT5 |    19|
|6     |LUT6 |    48|
|7     |FDCE |   120|
|8     |FDPE |     4|
|9     |IBUF |     4|
|10    |OBUF |     1|
+------+-----+------+
---------------------------------------------------------------------------------
Finished Writing Synthesis Report : Time (s): cpu = 00:00:26 ; elapsed = 00:00:57 . Memory (MB): peak = 1395.352 ; gain = 550.871
---------------------------------------------------------------------------------
Synthesis finished with 0 errors, 0 critical warnings and 3 warnings.
Synthesis Optimization Runtime : Time (s): cpu = 00:00:17 ; elapsed = 00:00:53 . Memory (MB): peak = 1395.352 ; gain = 504.820
Synthesis Optimization Complete : Time (s): cpu = 00:00:26 ; elapsed = 00:00:57 . Memory (MB): peak = 1395.352 ; gain = 550.871
INFO: [Project 1-571] Translating synthesized netlist
Netlist sorting complete. Time (s): cpu = 00:00:00 ; elapsed = 00:00:00.003 . Memory (MB): peak = 1395.352 ; gain = 0.000
INFO: [Project 1-570] Preparing netlist for logic optimization
INFO: [Opt 31-138] Pushed 0 inverter(s) to 0 load pin(s).
Netlist sorting complete. Time (s): cpu = 00:00:00 ; elapsed = 00:00:00.001 . Memory (MB): peak = 1395.352 ; gain = 0.000
INFO: [Project 1-111] Unisim Transformation Summary:
No Unisim elements were transformed.

Synth Design complete, checksum: a2b4f5eb
INFO: [Common 17-83] Releasing license: Synthesis
49 Infos, 3 Warnings, 0 Critical Warnings and 0 Errors encountered.
synth_design completed successfully
synth_design: Time (s): cpu = 00:00:32 ; elapsed = 00:01:07 . Memory (MB): peak = 1395.352 ; gain = 925.688
INFO: [Common 17-1381] The checkpoint 'C:/Users/ahmet/Desktop/PS2_Keyboard_UART/PS2_Keyboard_UART.runs/synth_1/keyboard_UART_interface.dcp' has been generated.
INFO: [runtcl-4] Executing : report_utilization -file keyboard_UART_interface_utilization_synth.rpt -pb keyboard_UART_interface_utilization_synth.pb
INFO: [Common 17-206] Exiting Vivado at Thu May 30 23:55:45 2024...
