#-----------------------------------------------------------
# Vivado v2022.2 (64-bit)
# SW Build 3671981 on Fri Oct 14 05:00:03 MDT 2022
# IP Build 3669848 on Fri Oct 14 08:30:02 MDT 2022
# Start of session at: Tue May 28 10:17:10 2024
# Process ID: 14904
# Current directory: C:/Users/ahmet/Desktop/PS2_Keyboard_UART
# Command line: vivado.exe -gui_launcher_event rodinguilauncherevent13668 C:\Users\ahmet\Desktop\PS2_Keyboard_UART\PS2_Keyboard_UART.xpr
# Log file: C:/Users/ahmet/Desktop/PS2_Keyboard_UART/vivado.log
# Journal file: C:/Users/ahmet/Desktop/PS2_Keyboard_UART\vivado.jou
# Running On: DESKTOP-VTDBCS3, OS: Windows, CPU Frequency: 1190 MHz, CPU Physical cores: 4, Host memory: 8345 MB
#-----------------------------------------------------------
start_gui
open_project C:/Users/ahmet/Desktop/PS2_Keyboard_UART/PS2_Keyboard_UART.xpr
WARNING: [Board 49-26] cannot add Board Part xilinx.com:vck190:part0:2.2 available at C:/Xilinx/Vivado/2022.2/data/xhub/boards/XilinxBoardStore/boards/Xilinx/vck190/production/2.2/board.xml as part xcvc1902-vsva2197-2mp-e-s specified in board_part file is either invalid or not available
WARNING: [Board 49-26] cannot add Board Part xilinx.com:vck190:part0:3.0 available at C:/Xilinx/Vivado/2022.2/data/xhub/boards/XilinxBoardStore/boards/Xilinx/vck190/production/3.0/board.xml as part xcvc1902-vsva2197-2mp-e-s specified in board_part file is either invalid or not available
WARNING: [Board 49-26] cannot add Board Part xilinx.com:vck190:part0:3.1 available at C:/Xilinx/Vivado/2022.2/data/xhub/boards/XilinxBoardStore/boards/Xilinx/vck190/production/3.1/board.xml as part xcvc1902-vsva2197-2mp-e-s specified in board_part file is either invalid or not available
WARNING: [Board 49-26] cannot add Board Part xilinx.com:vck190_newl:part0:1.0 available at C:/Xilinx/Vivado/2022.2/data/xhub/boards/XilinxBoardStore/boards/Xilinx/vck190_newl/production/1.0/board.xml as part xcvc1902-vsva2197-2mp-e-s specified in board_part file is either invalid or not available
WARNING: [Board 49-26] cannot add Board Part xilinx.com:vek280_es:part0:1.0 available at C:/Xilinx/Vivado/2022.2/data/xhub/boards/XilinxBoardStore/boards/Xilinx/vek280/es/1.0/board.xml as part xcve2802-vsvh1760-2lp-e-s-es1 specified in board_part file is either invalid or not available
WARNING: [Board 49-26] cannot add Board Part xilinx.com:vhk158_es:part0:1.0 available at C:/Xilinx/Vivado/2022.2/data/xhub/boards/XilinxBoardStore/boards/Xilinx/vhk158/es/1.0/board.xml as part xcvh1582-vsva3697-2mp-e-s-es1 specified in board_part file is either invalid or not available
WARNING: [Board 49-26] cannot add Board Part xilinx.com:vmk180:part0:2.2 available at C:/Xilinx/Vivado/2022.2/data/xhub/boards/XilinxBoardStore/boards/Xilinx/vmk180/production/2.2/board.xml as part xcvm1802-vsva2197-2mp-e-s specified in board_part file is either invalid or not available
WARNING: [Board 49-26] cannot add Board Part xilinx.com:vmk180:part0:3.0 available at C:/Xilinx/Vivado/2022.2/data/xhub/boards/XilinxBoardStore/boards/Xilinx/vmk180/production/3.0/board.xml as part xcvm1802-vsva2197-2mp-e-s specified in board_part file is either invalid or not available
WARNING: [Board 49-26] cannot add Board Part xilinx.com:vmk180:part0:3.1 available at C:/Xilinx/Vivado/2022.2/data/xhub/boards/XilinxBoardStore/boards/Xilinx/vmk180/production/3.1/board.xml as part xcvm1802-vsva2197-2mp-e-s specified in board_part file is either invalid or not available
WARNING: [Board 49-26] cannot add Board Part xilinx.com:vmk180_newl:part0:1.0 available at C:/Xilinx/Vivado/2022.2/data/xhub/boards/XilinxBoardStore/boards/Xilinx/vmk180_newl/production/1.0/board.xml as part xcvm1802-vsva2197-2mp-e-s specified in board_part file is either invalid or not available
WARNING: [Board 49-26] cannot add Board Part xilinx.com:vpk120:part0:1.0 available at C:/Xilinx/Vivado/2022.2/data/xhub/boards/XilinxBoardStore/boards/Xilinx/vpk120/production/1.0/board.xml as part xcvp1202-vsva2785-2mp-e-s specified in board_part file is either invalid or not available
WARNING: [Board 49-26] cannot add Board Part xilinx.com:vpk120_es:part0:1.2 available at C:/Xilinx/Vivado/2022.2/data/xhub/boards/XilinxBoardStore/boards/Xilinx/vpk120/es/1.2/board.xml as part xcvp1202-vsva2785-2mp-e-s-es1 specified in board_part file is either invalid or not available
WARNING: [Board 49-26] cannot add Board Part xilinx.com:vpk120_es_revb:part0:1.0 available at C:/Xilinx/Vivado/2022.2/data/xhub/boards/XilinxBoardStore/boards/Xilinx/vpk120_revb/es/1.0/board.xml as part xcvp1202-vsva2785-2mp-e-s-es1 specified in board_part file is either invalid or not available
WARNING: [Board 49-26] cannot add Board Part xilinx.com:vpk180_es:part0:1.0 available at C:/Xilinx/Vivado/2022.2/data/xhub/boards/XilinxBoardStore/boards/Xilinx/vpk180/es/1.0/board.xml as part xcvp1802-lsvc4072-2mp-e-s-es1 specified in board_part file is either invalid or not available
WARNING: [Board 49-26] cannot add Board Part xilinx.com:zcu208ld:part0:2.0 available at C:/Xilinx/Vivado/2022.2/data/xhub/boards/XilinxBoardStore/boards/Xilinx/zcu208ld/production/2.0/board.xml as part xczu58dr-fsvg1517-2-i specified in board_part file is either invalid or not available
WARNING: [Board 49-26] cannot add Board Part xilinx.com:zcu216ld:part0:2.0 available at C:/Xilinx/Vivado/2022.2/data/xhub/boards/XilinxBoardStore/boards/Xilinx/zcu216ld/production/2.0/board.xml as part xczu59dr-ffvf1760-2-i specified in board_part file is either invalid or not available
WARNING: [Board 49-26] cannot add Board Part xilinx.com:zcu670:part0:2.0 available at C:/Xilinx/Vivado/2022.2/data/xhub/boards/XilinxBoardStore/boards/Xilinx/zcu670/2.0/board.xml as part xczu67dr-fsve1156-2-i specified in board_part file is either invalid or not available
WARNING: [Board 49-26] cannot add Board Part xilinx.com:zcu670ld:part0:1.0 available at C:/Xilinx/Vivado/2022.2/data/xhub/boards/XilinxBoardStore/boards/Xilinx/zcu670ld/1.0/board.xml as part xczu57dr-fsve1156-2-i specified in board_part file is either invalid or not available
INFO: [filemgmt 56-3] Default IP Output Path : Could not find the directory 'C:/Users/ahmet/Desktop/PS2_Keyboard_UART/PS2_Keyboard_UART.gen/sources_1'.
Scanning sources...
Finished scanning sources
INFO: [IP_Flow 19-234] Refreshing IP repositories
INFO: [IP_Flow 19-1704] No user IP repositories specified
INFO: [IP_Flow 19-2313] Loaded Vivado IP repository 'C:/Xilinx/Vivado/2022.2/data/ip'.
open_project: Time (s): cpu = 00:00:49 ; elapsed = 00:00:34 . Memory (MB): peak = 1173.785 ; gain = 350.023
update_compile_order -fileset sources_1
launch_simulation
Command: launch_simulation 
INFO: [Vivado 12-12493] Simulation top is 'keyboard_uart_tb'
WARNING: [Vivado 12-13340] Unable to auto find GCC executables from simulator install path! (path not set)
WARNING: [Vivado 12-13277] Compiled library path does not exist: ''
INFO: [Vivado 12-5682] Launching behavioral simulation in 'C:/Users/ahmet/Desktop/PS2_Keyboard_UART/PS2_Keyboard_UART.sim/sim_1/behav/xsim'
INFO: [SIM-utils-51] Simulation object is 'sim_1'
INFO: [SIM-utils-72] Using boost library from 'C:/Xilinx/Vivado/2022.2/tps/boost_1_72_0'
INFO: [SIM-utils-54] Inspecting design source files for 'keyboard_uart_tb' in fileset 'sim_1'...
INFO: [USF-XSim-97] Finding global include files...
INFO: [USF-XSim-98] Fetching design files from 'sim_1'...
INFO: [USF-XSim-2] XSim::Compile design
INFO: [USF-XSim-61] Executing 'COMPILE and ANALYZE' step in 'C:/Users/ahmet/Desktop/PS2_Keyboard_UART/PS2_Keyboard_UART.sim/sim_1/behav/xsim'
"xvhdl --incr --relax -prj keyboard_uart_tb_vhdl.prj"
INFO: [VRFC 10-163] Analyzing VHDL file "C:/Users/ahmet/Desktop/PS2_Keyboard_UART/PS2_Keyboard_UART.srcs/sources_1/new/fifo.vhd" into library xil_defaultlib
INFO: [VRFC 10-3107] analyzing entity 'fifo'
INFO: [VRFC 10-163] Analyzing VHDL file "C:/Users/ahmet/Desktop/PS2_Keyboard_UART/PS2_Keyboard_UART.srcs/sources_1/new/fifo_rx_unit.vhd" into library xil_defaultlib
INFO: [VRFC 10-3107] analyzing entity 'fifo_rx_unit'
INFO: [VRFC 10-163] Analyzing VHDL file "C:/Users/ahmet/Desktop/PS2_Keyboard_UART/PS2_Keyboard_UART.srcs/sources_1/new/fifo_tx_unit.vhd" into library xil_defaultlib
INFO: [VRFC 10-3107] analyzing entity 'fifo_tx_unit'
INFO: [VRFC 10-163] Analyzing VHDL file "C:/Users/ahmet/Desktop/PS2_Keyboard_UART/PS2_Keyboard_UART.srcs/sources_1/new/ps2_keyboard_to_ascii.vhd" into library xil_defaultlib
INFO: [VRFC 10-3107] analyzing entity 'ps2_keyboard_to_ascii'
INFO: [VRFC 10-163] Analyzing VHDL file "C:/Users/ahmet/Desktop/PS2_Keyboard_UART/PS2_Keyboard_UART.srcs/sources_1/new/kb_code_unit.vhd" into library xil_defaultlib
INFO: [VRFC 10-3107] analyzing entity 'kb_code'
INFO: [VRFC 10-163] Analyzing VHDL file "C:/Users/ahmet/Desktop/PS2_Keyboard_UART/PS2_Keyboard_UART.srcs/sources_1/new/uart.vhd" into library xil_defaultlib
INFO: [VRFC 10-3107] analyzing entity 'uart'
INFO: [VRFC 10-163] Analyzing VHDL file "C:/Users/ahmet/Desktop/PS2_Keyboard_UART/PS2_Keyboard_UART.srcs/sources_1/new/keyboard_Uart_interface.vhd" into library xil_defaultlib
INFO: [VRFC 10-3107] analyzing entity 'keyboard_UART_interface'
INFO: [VRFC 10-163] Analyzing VHDL file "C:/Users/ahmet/Desktop/PS2_Keyboard_UART/PS2_Keyboard_UART.srcs/sources_1/new/ps2_rx_unit.vhd" into library xil_defaultlib
INFO: [VRFC 10-3107] analyzing entity 'ps2_rx'
INFO: [VRFC 10-163] Analyzing VHDL file "C:/Users/ahmet/Desktop/PS2_Keyboard_UART/PS2_Keyboard_UART.srcs/sim_1/new/tb_keyboard_UART_interface.vhd" into library xil_defaultlib
INFO: [VRFC 10-3107] analyzing entity 'keyboard_uart_tb'
INFO: [USF-XSim-69] 'compile' step finished in '2' seconds
INFO: [USF-XSim-3] XSim::Elaborate design
INFO: [USF-XSim-61] Executing 'ELABORATE' step in 'C:/Users/ahmet/Desktop/PS2_Keyboard_UART/PS2_Keyboard_UART.sim/sim_1/behav/xsim'
"xelab --incr --debug typical --relax --mt 2 -L xil_defaultlib -L secureip --snapshot keyboard_uart_tb_behav xil_defaultlib.keyboard_uart_tb -log elaborate.log"
Vivado Simulator v2022.2
Copyright 1986-1999, 2001-2022 Xilinx, Inc. All Rights Reserved.
Running: C:/Xilinx/Vivado/2022.2/bin/unwrapped/win64.o/xelab.exe --incr --debug typical --relax --mt 2 -L xil_defaultlib -L secureip --snapshot keyboard_uart_tb_behav xil_defaultlib.keyboard_uart_tb -log elaborate.log 
Using 2 slave threads.
Starting static elaboration
ERROR: [VRFC 10-3353] formal port 'reset' has no actual or default value [C:/Users/ahmet/Desktop/PS2_Keyboard_UART/PS2_Keyboard_UART.srcs/sources_1/new/ps2_rx_unit.vhd:10]
ERROR: [XSIM 43-3321] Static elaboration of top level VHDL design unit keyboard_uart_tb in library work failed.
INFO: [USF-XSim-69] 'elaborate' step finished in '1' seconds
INFO: [USF-XSim-99] Step results log file:'C:/Users/ahmet/Desktop/PS2_Keyboard_UART/PS2_Keyboard_UART.sim/sim_1/behav/xsim/elaborate.log'
ERROR: [USF-XSim-62] 'elaborate' step failed with error(s). Please check the Tcl console output or 'C:/Users/ahmet/Desktop/PS2_Keyboard_UART/PS2_Keyboard_UART.sim/sim_1/behav/xsim/elaborate.log' file for more information.
ERROR: [Vivado 12-4473] Detected error while running simulation. Please correct the issue and retry this operation.
ERROR: [Common 17-39] 'launch_simulation' failed due to earlier errors.
launch_simulation
Command: launch_simulation 
INFO: [Vivado 12-12493] Simulation top is 'keyboard_uart_tb'
WARNING: [Vivado 12-13340] Unable to auto find GCC executables from simulator install path! (path not set)
WARNING: [Vivado 12-13277] Compiled library path does not exist: ''
INFO: [Vivado 12-5682] Launching behavioral simulation in 'C:/Users/ahmet/Desktop/PS2_Keyboard_UART/PS2_Keyboard_UART.sim/sim_1/behav/xsim'
INFO: [SIM-utils-51] Simulation object is 'sim_1'
INFO: [SIM-utils-72] Using boost library from 'C:/Xilinx/Vivado/2022.2/tps/boost_1_72_0'
INFO: [SIM-utils-54] Inspecting design source files for 'keyboard_uart_tb' in fileset 'sim_1'...
INFO: [USF-XSim-97] Finding global include files...
INFO: [USF-XSim-98] Fetching design files from 'sim_1'...
INFO: [USF-XSim-2] XSim::Compile design
INFO: [USF-XSim-61] Executing 'COMPILE and ANALYZE' step in 'C:/Users/ahmet/Desktop/PS2_Keyboard_UART/PS2_Keyboard_UART.sim/sim_1/behav/xsim'
"xvhdl --incr --relax -prj keyboard_uart_tb_vhdl.prj"
INFO: [VRFC 10-163] Analyzing VHDL file "C:/Users/ahmet/Desktop/PS2_Keyboard_UART/PS2_Keyboard_UART.srcs/sources_1/new/ps2_keyboard_to_ascii.vhd" into library xil_defaultlib
INFO: [VRFC 10-3107] analyzing entity 'ps2_keyboard_to_ascii'
INFO: [VRFC 10-163] Analyzing VHDL file "C:/Users/ahmet/Desktop/PS2_Keyboard_UART/PS2_Keyboard_UART.srcs/sources_1/new/kb_code_unit.vhd" into library xil_defaultlib
INFO: [VRFC 10-3107] analyzing entity 'kb_code'
INFO: [VRFC 10-163] Analyzing VHDL file "C:/Users/ahmet/Desktop/PS2_Keyboard_UART/PS2_Keyboard_UART.srcs/sources_1/new/uart.vhd" into library xil_defaultlib
INFO: [VRFC 10-3107] analyzing entity 'uart'
INFO: [VRFC 10-163] Analyzing VHDL file "C:/Users/ahmet/Desktop/PS2_Keyboard_UART/PS2_Keyboard_UART.srcs/sources_1/new/keyboard_Uart_interface.vhd" into library xil_defaultlib
INFO: [VRFC 10-3107] analyzing entity 'keyboard_UART_interface'
INFO: [VRFC 10-163] Analyzing VHDL file "C:/Users/ahmet/Desktop/PS2_Keyboard_UART/PS2_Keyboard_UART.srcs/sim_1/new/tb_keyboard_UART_interface.vhd" into library xil_defaultlib
INFO: [VRFC 10-3107] analyzing entity 'keyboard_uart_tb'
INFO: [USF-XSim-69] 'compile' step finished in '2' seconds
INFO: [USF-XSim-3] XSim::Elaborate design
INFO: [USF-XSim-61] Executing 'ELABORATE' step in 'C:/Users/ahmet/Desktop/PS2_Keyboard_UART/PS2_Keyboard_UART.sim/sim_1/behav/xsim'
"xelab --incr --debug typical --relax --mt 2 -L xil_defaultlib -L secureip --snapshot keyboard_uart_tb_behav xil_defaultlib.keyboard_uart_tb -log elaborate.log"
Vivado Simulator v2022.2
Copyright 1986-1999, 2001-2022 Xilinx, Inc. All Rights Reserved.
Running: C:/Xilinx/Vivado/2022.2/bin/unwrapped/win64.o/xelab.exe --incr --debug typical --relax --mt 2 -L xil_defaultlib -L secureip --snapshot keyboard_uart_tb_behav xil_defaultlib.keyboard_uart_tb -log elaborate.log 
Using 2 slave threads.
Starting static elaboration
ERROR: [VRFC 10-666] expression has 7 elements; expected 8 [C:/Users/ahmet/Desktop/PS2_Keyboard_UART/PS2_Keyboard_UART.srcs/sources_1/new/ps2_keyboard_to_ascii.vhd:295]
ERROR: [XSIM 43-3321] Static elaboration of top level VHDL design unit keyboard_uart_tb in library work failed.
INFO: [USF-XSim-69] 'elaborate' step finished in '2' seconds
INFO: [USF-XSim-99] Step results log file:'C:/Users/ahmet/Desktop/PS2_Keyboard_UART/PS2_Keyboard_UART.sim/sim_1/behav/xsim/elaborate.log'
ERROR: [USF-XSim-62] 'elaborate' step failed with error(s). Please check the Tcl console output or 'C:/Users/ahmet/Desktop/PS2_Keyboard_UART/PS2_Keyboard_UART.sim/sim_1/behav/xsim/elaborate.log' file for more information.
ERROR: [Vivado 12-4473] Detected error while running simulation. Please correct the issue and retry this operation.
ERROR: [Common 17-39] 'launch_simulation' failed due to earlier errors.
launch_simulation
Command: launch_simulation 
INFO: [Vivado 12-12493] Simulation top is 'keyboard_uart_tb'
WARNING: [Vivado 12-13340] Unable to auto find GCC executables from simulator install path! (path not set)
WARNING: [Vivado 12-13277] Compiled library path does not exist: ''
INFO: [Vivado 12-5682] Launching behavioral simulation in 'C:/Users/ahmet/Desktop/PS2_Keyboard_UART/PS2_Keyboard_UART.sim/sim_1/behav/xsim'
INFO: [SIM-utils-51] Simulation object is 'sim_1'
INFO: [SIM-utils-72] Using boost library from 'C:/Xilinx/Vivado/2022.2/tps/boost_1_72_0'
INFO: [SIM-utils-54] Inspecting design source files for 'keyboard_uart_tb' in fileset 'sim_1'...
INFO: [USF-XSim-97] Finding global include files...
INFO: [USF-XSim-98] Fetching design files from 'sim_1'...
INFO: [USF-XSim-2] XSim::Compile design
INFO: [USF-XSim-61] Executing 'COMPILE and ANALYZE' step in 'C:/Users/ahmet/Desktop/PS2_Keyboard_UART/PS2_Keyboard_UART.sim/sim_1/behav/xsim'
"xvhdl --incr --relax -prj keyboard_uart_tb_vhdl.prj"
INFO: [VRFC 10-163] Analyzing VHDL file "C:/Users/ahmet/Desktop/PS2_Keyboard_UART/PS2_Keyboard_UART.srcs/sources_1/new/ps2_keyboard_to_ascii.vhd" into library xil_defaultlib
INFO: [VRFC 10-3107] analyzing entity 'ps2_keyboard_to_ascii'
INFO: [VRFC 10-163] Analyzing VHDL file "C:/Users/ahmet/Desktop/PS2_Keyboard_UART/PS2_Keyboard_UART.srcs/sources_1/new/kb_code_unit.vhd" into library xil_defaultlib
INFO: [VRFC 10-3107] analyzing entity 'kb_code'
INFO: [VRFC 10-163] Analyzing VHDL file "C:/Users/ahmet/Desktop/PS2_Keyboard_UART/PS2_Keyboard_UART.srcs/sources_1/new/keyboard_Uart_interface.vhd" into library xil_defaultlib
INFO: [VRFC 10-3107] analyzing entity 'keyboard_UART_interface'
INFO: [VRFC 10-163] Analyzing VHDL file "C:/Users/ahmet/Desktop/PS2_Keyboard_UART/PS2_Keyboard_UART.srcs/sim_1/new/tb_keyboard_UART_interface.vhd" into library xil_defaultlib
INFO: [VRFC 10-3107] analyzing entity 'keyboard_uart_tb'
INFO: [USF-XSim-69] 'compile' step finished in '1' seconds
INFO: [USF-XSim-3] XSim::Elaborate design
INFO: [USF-XSim-61] Executing 'ELABORATE' step in 'C:/Users/ahmet/Desktop/PS2_Keyboard_UART/PS2_Keyboard_UART.sim/sim_1/behav/xsim'
"xelab --incr --debug typical --relax --mt 2 -L xil_defaultlib -L secureip --snapshot keyboard_uart_tb_behav xil_defaultlib.keyboard_uart_tb -log elaborate.log"
Vivado Simulator v2022.2
Copyright 1986-1999, 2001-2022 Xilinx, Inc. All Rights Reserved.
Running: C:/Xilinx/Vivado/2022.2/bin/unwrapped/win64.o/xelab.exe --incr --debug typical --relax --mt 2 -L xil_defaultlib -L secureip --snapshot keyboard_uart_tb_behav xil_defaultlib.keyboard_uart_tb -log elaborate.log 
Using 2 slave threads.
Starting static elaboration
ERROR: [VRFC 10-8944] expression has 8 elements; formal 'w_data' expects 256 [C:/Users/ahmet/Desktop/PS2_Keyboard_UART/PS2_Keyboard_UART.srcs/sources_1/new/uart.vhd:44]
ERROR: [XSIM 43-3321] Static elaboration of top level VHDL design unit keyboard_uart_tb in library work failed.
INFO: [USF-XSim-69] 'elaborate' step finished in '2' seconds
INFO: [USF-XSim-99] Step results log file:'C:/Users/ahmet/Desktop/PS2_Keyboard_UART/PS2_Keyboard_UART.sim/sim_1/behav/xsim/elaborate.log'
ERROR: [USF-XSim-62] 'elaborate' step failed with error(s). Please check the Tcl console output or 'C:/Users/ahmet/Desktop/PS2_Keyboard_UART/PS2_Keyboard_UART.sim/sim_1/behav/xsim/elaborate.log' file for more information.
ERROR: [Vivado 12-4473] Detected error while running simulation. Please correct the issue and retry this operation.
ERROR: [Common 17-39] 'launch_simulation' failed due to earlier errors.
launch_simulation
Command: launch_simulation 
INFO: [Vivado 12-12493] Simulation top is 'keyboard_uart_tb'
WARNING: [Vivado 12-13340] Unable to auto find GCC executables from simulator install path! (path not set)
WARNING: [Vivado 12-13277] Compiled library path does not exist: ''
INFO: [Vivado 12-5682] Launching behavioral simulation in 'C:/Users/ahmet/Desktop/PS2_Keyboard_UART/PS2_Keyboard_UART.sim/sim_1/behav/xsim'
INFO: [SIM-utils-51] Simulation object is 'sim_1'
INFO: [SIM-utils-72] Using boost library from 'C:/Xilinx/Vivado/2022.2/tps/boost_1_72_0'
INFO: [SIM-utils-54] Inspecting design source files for 'keyboard_uart_tb' in fileset 'sim_1'...
INFO: [USF-XSim-97] Finding global include files...
INFO: [USF-XSim-98] Fetching design files from 'sim_1'...
INFO: [USF-XSim-2] XSim::Compile design
INFO: [USF-XSim-61] Executing 'COMPILE and ANALYZE' step in 'C:/Users/ahmet/Desktop/PS2_Keyboard_UART/PS2_Keyboard_UART.sim/sim_1/behav/xsim'
"xvhdl --incr --relax -prj keyboard_uart_tb_vhdl.prj"
INFO: [VRFC 10-163] Analyzing VHDL file "C:/Users/ahmet/Desktop/PS2_Keyboard_UART/PS2_Keyboard_UART.srcs/sources_1/new/kb_code_unit.vhd" into library xil_defaultlib
INFO: [VRFC 10-3107] analyzing entity 'kb_code'
INFO: [VRFC 10-163] Analyzing VHDL file "C:/Users/ahmet/Desktop/PS2_Keyboard_UART/PS2_Keyboard_UART.srcs/sources_1/new/uart.vhd" into library xil_defaultlib
INFO: [VRFC 10-3107] analyzing entity 'uart'
INFO: [VRFC 10-163] Analyzing VHDL file "C:/Users/ahmet/Desktop/PS2_Keyboard_UART/PS2_Keyboard_UART.srcs/sources_1/new/keyboard_Uart_interface.vhd" into library xil_defaultlib
INFO: [VRFC 10-3107] analyzing entity 'keyboard_UART_interface'
INFO: [VRFC 10-163] Analyzing VHDL file "C:/Users/ahmet/Desktop/PS2_Keyboard_UART/PS2_Keyboard_UART.srcs/sim_1/new/tb_keyboard_UART_interface.vhd" into library xil_defaultlib
INFO: [VRFC 10-3107] analyzing entity 'keyboard_uart_tb'
INFO: [USF-XSim-69] 'compile' step finished in '2' seconds
INFO: [USF-XSim-3] XSim::Elaborate design
INFO: [USF-XSim-61] Executing 'ELABORATE' step in 'C:/Users/ahmet/Desktop/PS2_Keyboard_UART/PS2_Keyboard_UART.sim/sim_1/behav/xsim'
"xelab --incr --debug typical --relax --mt 2 -L xil_defaultlib -L secureip --snapshot keyboard_uart_tb_behav xil_defaultlib.keyboard_uart_tb -log elaborate.log"
Vivado Simulator v2022.2
Copyright 1986-1999, 2001-2022 Xilinx, Inc. All Rights Reserved.
Running: C:/Xilinx/Vivado/2022.2/bin/unwrapped/win64.o/xelab.exe --incr --debug typical --relax --mt 2 -L xil_defaultlib -L secureip --snapshot keyboard_uart_tb_behav xil_defaultlib.keyboard_uart_tb -log elaborate.log 
Using 2 slave threads.
Starting static elaboration
Completed static elaboration
Starting simulation data flow analysis
Completed simulation data flow analysis
Time Resolution for simulation is 1ps
Compiling package std.standard
Compiling package std.textio
Compiling package ieee.std_logic_1164
Compiling package ieee.numeric_std
Compiling package ieee.std_logic_arith
Compiling package ieee.std_logic_unsigned
Compiling architecture logic of entity xil_defaultlib.debounce [\debounce(counter_size=8)\]
Compiling architecture arch of entity xil_defaultlib.ps2_rx [ps2_rx_default]
Compiling architecture arch of entity xil_defaultlib.ps2_keyboard_to_ascii [ps2_keyboard_to_ascii_default]
Compiling architecture arch of entity xil_defaultlib.fifo [\fifo(w=2)\]
Compiling architecture arch of entity xil_defaultlib.kb_code [kb_code_default]
Compiling architecture arch of entity xil_defaultlib.mod_m_counter [mod_m_counter_default]
Compiling architecture arch of entity xil_defaultlib.uart_rx [uart_rx_default]
Compiling architecture arch of entity xil_defaultlib.fifo_rx_unit [\fifo_rx_unit(w=2)\]
Compiling architecture arch of entity xil_defaultlib.fifo_tx_unit [\fifo_tx_unit(w=2)\]
Compiling architecture arch of entity xil_defaultlib.uart_tx [uart_tx_default]
Compiling architecture str_arch of entity xil_defaultlib.uart [uart_default]
Compiling architecture arch of entity xil_defaultlib.keyboard_UART_interface [keyboard_uart_interface_default]
Compiling architecture behavioral of entity xil_defaultlib.keyboard_uart_tb
Built simulation snapshot keyboard_uart_tb_behav
INFO: [USF-XSim-69] 'elaborate' step finished in '3' seconds
INFO: [USF-XSim-4] XSim::Simulate design
INFO: [USF-XSim-61] Executing 'SIMULATE' step in 'C:/Users/ahmet/Desktop/PS2_Keyboard_UART/PS2_Keyboard_UART.sim/sim_1/behav/xsim'
INFO: [USF-XSim-98] *** Running xsim
   with args "keyboard_uart_tb_behav -key {Behavioral:sim_1:Functional:keyboard_uart_tb} -tclbatch {keyboard_uart_tb.tcl} -log {simulate.log}"
INFO: [USF-XSim-8] Loading simulator feature
Time resolution is 1 ps
source keyboard_uart_tb.tcl
# set curr_wave [current_wave_config]
# if { [string length $curr_wave] == 0 } {
#   if { [llength [get_objects]] > 0} {
#     add_wave /
#     set_property needs_save false [current_wave_config]
#   } else {
#      send_msg_id Add_Wave-1 WARNING "No top level signals found. Simulator will start without a wave window. If you want to open a wave window go to 'File->New Waveform Configuration' or type 'create_wave_config' in the TCL console."
#   }
# }
# run 1000ns
INFO: [USF-XSim-96] XSim completed. Design snapshot 'keyboard_uart_tb_behav' loaded.
INFO: [USF-XSim-97] XSim simulation ran for 1000ns
launch_simulation: Time (s): cpu = 00:00:03 ; elapsed = 00:00:08 . Memory (MB): peak = 1275.328 ; gain = 45.586
relaunch_sim
Command: launch_simulation -step compile -simset sim_1 -mode behavioral
INFO: [Vivado 12-12493] Simulation top is 'keyboard_uart_tb'
WARNING: [Vivado 12-13340] Unable to auto find GCC executables from simulator install path! (path not set)
WARNING: [Vivado 12-13277] Compiled library path does not exist: ''
INFO: [Vivado 12-5682] Launching behavioral simulation in 'C:/Users/ahmet/Desktop/PS2_Keyboard_UART/PS2_Keyboard_UART.sim/sim_1/behav/xsim'
INFO: [SIM-utils-51] Simulation object is 'sim_1'
INFO: [SIM-utils-72] Using boost library from 'C:/Xilinx/Vivado/2022.2/tps/boost_1_72_0'
INFO: [SIM-utils-54] Inspecting design source files for 'keyboard_uart_tb' in fileset 'sim_1'...
INFO: [USF-XSim-97] Finding global include files...
INFO: [USF-XSim-98] Fetching design files from 'sim_1'...
INFO: [USF-XSim-2] XSim::Compile design
INFO: [USF-XSim-61] Executing 'COMPILE and ANALYZE' step in 'C:/Users/ahmet/Desktop/PS2_Keyboard_UART/PS2_Keyboard_UART.sim/sim_1/behav/xsim'
"xvhdl --incr --relax -prj keyboard_uart_tb_vhdl.prj"
INFO: [VRFC 10-163] Analyzing VHDL file "C:/Users/ahmet/Desktop/PS2_Keyboard_UART/PS2_Keyboard_UART.srcs/sources_1/new/keyboard_Uart_interface.vhd" into library xil_defaultlib
INFO: [VRFC 10-3107] analyzing entity 'keyboard_UART_interface'
INFO: [VRFC 10-163] Analyzing VHDL file "C:/Users/ahmet/Desktop/PS2_Keyboard_UART/PS2_Keyboard_UART.srcs/sim_1/new/tb_keyboard_UART_interface.vhd" into library xil_defaultlib
INFO: [VRFC 10-3107] analyzing entity 'keyboard_uart_tb'
INFO: [USF-XSim-69] 'compile' step finished in '1' seconds
Command: launch_simulation -step elaborate -simset sim_1 -mode behavioral
INFO: [Vivado 12-12493] Simulation top is 'keyboard_uart_tb'
WARNING: [Vivado 12-13340] Unable to auto find GCC executables from simulator install path! (path not set)
WARNING: [Vivado 12-13277] Compiled library path does not exist: ''
INFO: [Vivado 12-5682] Launching behavioral simulation in 'C:/Users/ahmet/Desktop/PS2_Keyboard_UART/PS2_Keyboard_UART.sim/sim_1/behav/xsim'
INFO: [SIM-utils-51] Simulation object is 'sim_1'
INFO: [USF-XSim-3] XSim::Elaborate design
INFO: [USF-XSim-61] Executing 'ELABORATE' step in 'C:/Users/ahmet/Desktop/PS2_Keyboard_UART/PS2_Keyboard_UART.sim/sim_1/behav/xsim'
"xelab --incr --debug typical --relax --mt 2 -L xil_defaultlib -L secureip --snapshot keyboard_uart_tb_behav xil_defaultlib.keyboard_uart_tb -log elaborate.log"
Vivado Simulator v2022.2
Copyright 1986-1999, 2001-2022 Xilinx, Inc. All Rights Reserved.
Running: C:/Xilinx/Vivado/2022.2/bin/unwrapped/win64.o/xelab.exe --incr --debug typical --relax --mt 2 -L xil_defaultlib -L secureip --snapshot keyboard_uart_tb_behav xil_defaultlib.keyboard_uart_tb -log elaborate.log 
Using 2 slave threads.
Starting static elaboration
Completed static elaboration
Starting simulation data flow analysis
Completed simulation data flow analysis
Time Resolution for simulation is 1ps
Compiling package std.standard
Compiling package std.textio
Compiling package ieee.std_logic_1164
Compiling package ieee.numeric_std
Compiling package ieee.std_logic_arith
Compiling package ieee.std_logic_unsigned
Compiling architecture logic of entity xil_defaultlib.debounce [\debounce(counter_size=8)\]
Compiling architecture arch of entity xil_defaultlib.ps2_rx [ps2_rx_default]
Compiling architecture arch of entity xil_defaultlib.ps2_keyboard_to_ascii [ps2_keyboard_to_ascii_default]
Compiling architecture arch of entity xil_defaultlib.fifo [\fifo(w=2)\]
Compiling architecture arch of entity xil_defaultlib.kb_code [kb_code_default]
Compiling architecture arch of entity xil_defaultlib.mod_m_counter [mod_m_counter_default]
Compiling architecture arch of entity xil_defaultlib.uart_rx [uart_rx_default]
Compiling architecture arch of entity xil_defaultlib.fifo_rx_unit [\fifo_rx_unit(w=2)\]
Compiling architecture arch of entity xil_defaultlib.fifo_tx_unit [\fifo_tx_unit(w=2)\]
Compiling architecture arch of entity xil_defaultlib.uart_tx [uart_tx_default]
Compiling architecture str_arch of entity xil_defaultlib.uart [uart_default]
Compiling architecture arch of entity xil_defaultlib.keyboard_UART_interface [keyboard_uart_interface_default]
Compiling architecture behavioral of entity xil_defaultlib.keyboard_uart_tb
Built simulation snapshot keyboard_uart_tb_behav
INFO: [USF-XSim-69] 'elaborate' step finished in '3' seconds
Time resolution is 1 ps
relaunch_sim: Time (s): cpu = 00:00:00 ; elapsed = 00:00:06 . Memory (MB): peak = 1277.266 ; gain = 0.000
run 10 us
run 10 us
relaunch_sim
Command: launch_simulation -step compile -simset sim_1 -mode behavioral
INFO: [Vivado 12-12493] Simulation top is 'keyboard_uart_tb'
WARNING: [Vivado 12-13340] Unable to auto find GCC executables from simulator install path! (path not set)
WARNING: [Vivado 12-13277] Compiled library path does not exist: ''
INFO: [Vivado 12-5682] Launching behavioral simulation in 'C:/Users/ahmet/Desktop/PS2_Keyboard_UART/PS2_Keyboard_UART.sim/sim_1/behav/xsim'
INFO: [SIM-utils-51] Simulation object is 'sim_1'
INFO: [USF-XSim-2] XSim::Compile design
INFO: [USF-XSim-61] Executing 'COMPILE and ANALYZE' step in 'C:/Users/ahmet/Desktop/PS2_Keyboard_UART/PS2_Keyboard_UART.sim/sim_1/behav/xsim'
"xvhdl --incr --relax -prj keyboard_uart_tb_vhdl.prj"
INFO: [VRFC 10-163] Analyzing VHDL file "C:/Users/ahmet/Desktop/PS2_Keyboard_UART/PS2_Keyboard_UART.srcs/sim_1/new/tb_keyboard_UART_interface.vhd" into library xil_defaultlib
INFO: [VRFC 10-3107] analyzing entity 'keyboard_uart_tb'
INFO: [USF-XSim-69] 'compile' step finished in '2' seconds
Command: launch_simulation -step elaborate -simset sim_1 -mode behavioral
INFO: [Vivado 12-12493] Simulation top is 'keyboard_uart_tb'
WARNING: [Vivado 12-13340] Unable to auto find GCC executables from simulator install path! (path not set)
WARNING: [Vivado 12-13277] Compiled library path does not exist: ''
INFO: [Vivado 12-5682] Launching behavioral simulation in 'C:/Users/ahmet/Desktop/PS2_Keyboard_UART/PS2_Keyboard_UART.sim/sim_1/behav/xsim'
INFO: [SIM-utils-51] Simulation object is 'sim_1'
INFO: [USF-XSim-3] XSim::Elaborate design
INFO: [USF-XSim-61] Executing 'ELABORATE' step in 'C:/Users/ahmet/Desktop/PS2_Keyboard_UART/PS2_Keyboard_UART.sim/sim_1/behav/xsim'
"xelab --incr --debug typical --relax --mt 2 -L xil_defaultlib -L secureip --snapshot keyboard_uart_tb_behav xil_defaultlib.keyboard_uart_tb -log elaborate.log"
Vivado Simulator v2022.2
Copyright 1986-1999, 2001-2022 Xilinx, Inc. All Rights Reserved.
Running: C:/Xilinx/Vivado/2022.2/bin/unwrapped/win64.o/xelab.exe --incr --debug typical --relax --mt 2 -L xil_defaultlib -L secureip --snapshot keyboard_uart_tb_behav xil_defaultlib.keyboard_uart_tb -log elaborate.log 
Using 2 slave threads.
Starting static elaboration
Completed static elaboration
Starting simulation data flow analysis
Completed simulation data flow analysis
Time Resolution for simulation is 1ps
Compiling package std.standard
Compiling package std.textio
Compiling package ieee.std_logic_1164
Compiling package ieee.numeric_std
Compiling package ieee.std_logic_arith
Compiling package ieee.std_logic_unsigned
Compiling architecture logic of entity xil_defaultlib.debounce [\debounce(counter_size=8)\]
Compiling architecture arch of entity xil_defaultlib.ps2_rx [ps2_rx_default]
Compiling architecture arch of entity xil_defaultlib.ps2_keyboard_to_ascii [ps2_keyboard_to_ascii_default]
Compiling architecture arch of entity xil_defaultlib.fifo [\fifo(w=2)\]
Compiling architecture arch of entity xil_defaultlib.kb_code [kb_code_default]
Compiling architecture arch of entity xil_defaultlib.mod_m_counter [mod_m_counter_default]
Compiling architecture arch of entity xil_defaultlib.uart_rx [uart_rx_default]
Compiling architecture arch of entity xil_defaultlib.fifo_rx_unit [\fifo_rx_unit(w=2)\]
Compiling architecture arch of entity xil_defaultlib.fifo_tx_unit [\fifo_tx_unit(w=2)\]
Compiling architecture arch of entity xil_defaultlib.uart_tx [uart_tx_default]
Compiling architecture str_arch of entity xil_defaultlib.uart [uart_default]
Compiling architecture arch of entity xil_defaultlib.keyboard_UART_interface [keyboard_uart_interface_default]
Compiling architecture behavioral of entity xil_defaultlib.keyboard_uart_tb
Built simulation snapshot keyboard_uart_tb_behav
INFO: [USF-XSim-69] 'elaborate' step finished in '3' seconds
Time resolution is 1 ps
relaunch_sim: Time (s): cpu = 00:00:01 ; elapsed = 00:00:07 . Memory (MB): peak = 1277.266 ; gain = 0.000
run 10 us
run 10 us
run 10 us
close_sim
INFO: [Simtcl 6-16] Simulation closed
launch_simulation
Command: launch_simulation 
INFO: [Vivado 12-12493] Simulation top is 'keyboard_uart_tb'
WARNING: [Vivado 12-13340] Unable to auto find GCC executables from simulator install path! (path not set)
WARNING: [Vivado 12-13277] Compiled library path does not exist: ''
INFO: [Vivado 12-5682] Launching behavioral simulation in 'C:/Users/ahmet/Desktop/PS2_Keyboard_UART/PS2_Keyboard_UART.sim/sim_1/behav/xsim'
INFO: [SIM-utils-51] Simulation object is 'sim_1'
INFO: [SIM-utils-72] Using boost library from 'C:/Xilinx/Vivado/2022.2/tps/boost_1_72_0'
INFO: [SIM-utils-54] Inspecting design source files for 'keyboard_uart_tb' in fileset 'sim_1'...
INFO: [USF-XSim-97] Finding global include files...
INFO: [USF-XSim-98] Fetching design files from 'sim_1'...
INFO: [USF-XSim-2] XSim::Compile design
INFO: [USF-XSim-61] Executing 'COMPILE and ANALYZE' step in 'C:/Users/ahmet/Desktop/PS2_Keyboard_UART/PS2_Keyboard_UART.sim/sim_1/behav/xsim'
"xvhdl --incr --relax -prj keyboard_uart_tb_vhdl.prj"
INFO: [VRFC 10-163] Analyzing VHDL file "C:/Users/ahmet/Desktop/PS2_Keyboard_UART/PS2_Keyboard_UART.srcs/sources_1/new/ps2_keyboard_to_ascii.vhd" into library xil_defaultlib
INFO: [VRFC 10-3107] analyzing entity 'ps2_keyboard_to_ascii'
INFO: [VRFC 10-163] Analyzing VHDL file "C:/Users/ahmet/Desktop/PS2_Keyboard_UART/PS2_Keyboard_UART.srcs/sources_1/new/kb_code_unit.vhd" into library xil_defaultlib
INFO: [VRFC 10-3107] analyzing entity 'kb_code'
INFO: [VRFC 10-163] Analyzing VHDL file "C:/Users/ahmet/Desktop/PS2_Keyboard_UART/PS2_Keyboard_UART.srcs/sources_1/new/keyboard_Uart_interface.vhd" into library xil_defaultlib
INFO: [VRFC 10-3107] analyzing entity 'keyboard_UART_interface'
INFO: [VRFC 10-163] Analyzing VHDL file "C:/Users/ahmet/Desktop/PS2_Keyboard_UART/PS2_Keyboard_UART.srcs/sim_1/new/tb_keyboard_UART_interface.vhd" into library xil_defaultlib
INFO: [VRFC 10-3107] analyzing entity 'keyboard_uart_tb'
INFO: [USF-XSim-69] 'compile' step finished in '2' seconds
INFO: [USF-XSim-3] XSim::Elaborate design
INFO: [USF-XSim-61] Executing 'ELABORATE' step in 'C:/Users/ahmet/Desktop/PS2_Keyboard_UART/PS2_Keyboard_UART.sim/sim_1/behav/xsim'
"xelab --incr --debug typical --relax --mt 2 -L xil_defaultlib -L secureip --snapshot keyboard_uart_tb_behav xil_defaultlib.keyboard_uart_tb -log elaborate.log"
Vivado Simulator v2022.2
Copyright 1986-1999, 2001-2022 Xilinx, Inc. All Rights Reserved.
Running: C:/Xilinx/Vivado/2022.2/bin/unwrapped/win64.o/xelab.exe --incr --debug typical --relax --mt 2 -L xil_defaultlib -L secureip --snapshot keyboard_uart_tb_behav xil_defaultlib.keyboard_uart_tb -log elaborate.log 
Using 2 slave threads.
Starting static elaboration
ERROR: [VRFC 10-8944] expression has 256 elements; formal 'key_code' expects 8 [C:/Users/ahmet/Desktop/PS2_Keyboard_UART/PS2_Keyboard_UART.srcs/sources_1/new/keyboard_Uart_interface.vhd:43]
ERROR: [XSIM 43-3321] Static elaboration of top level VHDL design unit keyboard_uart_tb in library work failed.
INFO: [USF-XSim-69] 'elaborate' step finished in '2' seconds
INFO: [USF-XSim-99] Step results log file:'C:/Users/ahmet/Desktop/PS2_Keyboard_UART/PS2_Keyboard_UART.sim/sim_1/behav/xsim/elaborate.log'
ERROR: [USF-XSim-62] 'elaborate' step failed with error(s). Please check the Tcl console output or 'C:/Users/ahmet/Desktop/PS2_Keyboard_UART/PS2_Keyboard_UART.sim/sim_1/behav/xsim/elaborate.log' file for more information.
ERROR: [Vivado 12-4473] Detected error while running simulation. Please correct the issue and retry this operation.
ERROR: [Common 17-39] 'launch_simulation' failed due to earlier errors.
update_compile_order -fileset sources_1
update_compile_order -fileset sources_1
close [ open C:/Users/ahmet/Desktop/PS2_Keyboard_UART/PS2_Keyboard_UART.srcs/sources_1/new/keyboard_UART.vhd w ]
add_files C:/Users/ahmet/Desktop/PS2_Keyboard_UART/PS2_Keyboard_UART.srcs/sources_1/new/keyboard_UART.vhd
update_compile_order -fileset sources_1
set_property SOURCE_SET sources_1 [get_filesets sim_1]
close [ open C:/Users/ahmet/Desktop/PS2_Keyboard_UART/PS2_Keyboard_UART.srcs/sim_1/new/tb_keyboard_UART.vhd w ]
add_files -fileset sim_1 C:/Users/ahmet/Desktop/PS2_Keyboard_UART/PS2_Keyboard_UART.srcs/sim_1/new/tb_keyboard_UART.vhd
update_compile_order -fileset sim_1
exit
INFO: [Common 17-206] Exiting Vivado at Tue May 28 23:51:00 2024...
